{"contracts/AntiCounterfeiting.sol":{"l":{"40":3,"41":3,"42":3,"46":2,"47":2,"49":2,"56":2,"57":2,"58":2,"61":2,"65":1,"66":1,"70":1,"71":0,"72":0,"75":1,"84":1,"88":1,"89":1,"90":1,"94":1,"98":0,"102":0},"path":"/workspaces/Blockchain/contracts/contracts/AntiCounterfeiting.sol","s":{"1":3,"2":3,"3":3,"4":2,"5":2,"6":2,"7":2,"8":1,"9":1,"10":1,"11":0,"12":1,"13":1,"14":1,"15":1,"16":1,"17":0,"18":0},"b":{"1":[2,0],"2":[2,0],"3":[2,0],"4":[2,0],"5":[2,0],"6":[1,0],"7":[0,1],"8":[1,0],"9":[1,0],"10":[1,0],"11":[0,0],"12":[0,0]},"f":{"1":3,"2":2,"3":1,"4":1,"5":1,"6":1,"7":0,"8":0},"fnMap":{"1":{"name":"constructor","line":39,"loc":{"start":{"line":39,"column":4},"end":{"line":43,"column":4}}},"2":{"name":"addSecurityFeature","line":45,"loc":{"start":{"line":45,"column":4},"end":{"line":62,"column":4}}},"3":{"name":"verifySecurityFeature","line":64,"loc":{"start":{"line":64,"column":4},"end":{"line":67,"column":4}}},"4":{"name":"reportSuspiciousActivity","line":69,"loc":{"start":{"line":69,"column":4},"end":{"line":85,"column":4}}},"5":{"name":"updateBatchStatus","line":87,"loc":{"start":{"line":87,"column":4},"end":{"line":91,"column":4}}},"6":{"name":"isBatchFlagged","line":93,"loc":{"start":{"line":93,"column":4},"end":{"line":95,"column":4}}},"7":{"name":"pause","line":97,"loc":{"start":{"line":97,"column":4},"end":{"line":99,"column":4}}},"8":{"name":"unpause","line":101,"loc":{"start":{"line":101,"column":4},"end":{"line":103,"column":4}}}},"statementMap":{"1":{"start":{"line":40,"column":8},"end":{"line":40,"column":49}},"2":{"start":{"line":41,"column":8},"end":{"line":41,"column":48}},"3":{"start":{"line":42,"column":8},"end":{"line":42,"column":44}},"4":{"start":{"line":46,"column":8},"end":{"line":46,"column":78}},"5":{"start":{"line":47,"column":8},"end":{"line":47,"column":99}},"6":{"start":{"line":57,"column":8},"end":{"line":57,"column":2275}},"7":{"start":{"line":61,"column":8},"end":{"line":61,"column":68}},"8":{"start":{"line":65,"column":8},"end":{"line":65,"column":79}},"9":{"start":{"line":66,"column":8},"end":{"line":66,"column":68}},"10":{"start":{"line":70,"column":8},"end":{"line":70,"column":2887}},"11":{"start":{"line":72,"column":12},"end":{"line":72,"column":75}},"12":{"start":{"line":75,"column":8},"end":{"line":75,"column":3109}},"13":{"start":{"line":84,"column":8},"end":{"line":84,"column":77}},"14":{"start":{"line":88,"column":8},"end":{"line":88,"column":84}},"15":{"start":{"line":90,"column":8},"end":{"line":90,"column":51}},"16":{"start":{"line":94,"column":8},"end":{"line":94,"column":121}},"17":{"start":{"line":98,"column":8},"end":{"line":98,"column":15}},"18":{"start":{"line":102,"column":8},"end":{"line":102,"column":17}}},"branchMap":{"1":{"line":45,"type":"if","locations":[{"start":{"line":45,"column":110},"end":{"line":45,"column":110}},{"start":{"line":45,"column":110},"end":{"line":45,"column":110}}]},"2":{"line":45,"type":"if","locations":[{"start":{"line":45,"column":138},"end":{"line":45,"column":138}},{"start":{"line":45,"column":138},"end":{"line":45,"column":138}}]},"3":{"line":46,"type":"if","locations":[{"start":{"line":46,"column":8},"end":{"line":46,"column":8}},{"start":{"line":46,"column":8},"end":{"line":46,"column":8}}]},"4":{"line":47,"type":"if","locations":[{"start":{"line":47,"column":8},"end":{"line":47,"column":8}},{"start":{"line":47,"column":8},"end":{"line":47,"column":8}}]},"5":{"line":57,"type":"if","locations":[{"start":{"line":57,"column":8},"end":{"line":57,"column":8}},{"start":{"line":57,"column":8},"end":{"line":57,"column":8}}]},"6":{"line":69,"type":"if","locations":[{"start":{"line":69,"column":84},"end":{"line":69,"column":84}},{"start":{"line":69,"column":84},"end":{"line":69,"column":84}}]},"7":{"line":70,"type":"if","locations":[{"start":{"line":70,"column":8},"end":{"line":70,"column":8}},{"start":{"line":70,"column":8},"end":{"line":70,"column":8}}]},"8":{"line":87,"type":"if","locations":[{"start":{"line":87,"column":85},"end":{"line":87,"column":85}},{"start":{"line":87,"column":85},"end":{"line":87,"column":85}}]},"9":{"line":87,"type":"if","locations":[{"start":{"line":87,"column":109},"end":{"line":87,"column":109}},{"start":{"line":87,"column":109},"end":{"line":87,"column":109}}]},"10":{"line":88,"type":"if","locations":[{"start":{"line":88,"column":8},"end":{"line":88,"column":8}},{"start":{"line":88,"column":8},"end":{"line":88,"column":8}}]},"11":{"line":97,"type":"if","locations":[{"start":{"line":97,"column":28},"end":{"line":97,"column":28}},{"start":{"line":97,"column":28},"end":{"line":97,"column":28}}]},"12":{"line":101,"type":"if","locations":[{"start":{"line":101,"column":30},"end":{"line":101,"column":30}},{"start":{"line":101,"column":30},"end":{"line":101,"column":30}}]}}},"contracts/PriceCalibration.sol":{"l":{"28":3,"29":3,"33":2,"36":2,"37":2,"38":2,"39":2,"41":2,"45":1,"46":1,"50":1,"54":1,"58":3},"path":"/workspaces/Blockchain/contracts/contracts/PriceCalibration.sol","s":{"1":3,"2":3,"3":2,"4":2,"5":2,"6":2,"7":1,"8":1,"9":3},"b":{"1":[2,0],"2":[1,0],"3":[1,0],"4":[1,0]},"f":{"1":3,"2":2,"3":1,"4":1,"5":1,"6":3},"fnMap":{"1":{"name":"constructor","line":27,"loc":{"start":{"line":27,"column":4},"end":{"line":30,"column":4}}},"2":{"name":"addPriceCheckpoint","line":32,"loc":{"start":{"line":32,"column":4},"end":{"line":42,"column":4}}},"3":{"name":"addPrivatePriceHash","line":44,"loc":{"start":{"line":44,"column":4},"end":{"line":47,"column":4}}},"4":{"name":"grantPrivateAccess","line":49,"loc":{"start":{"line":49,"column":4},"end":{"line":51,"column":4}}},"5":{"name":"revokePrivateAccess","line":53,"loc":{"start":{"line":53,"column":4},"end":{"line":55,"column":4}}},"6":{"name":"canViewPrivatePrice","line":57,"loc":{"start":{"line":57,"column":4},"end":{"line":59,"column":4}}}},"statementMap":{"1":{"start":{"line":28,"column":8},"end":{"line":28,"column":49}},"2":{"start":{"line":29,"column":8},"end":{"line":29,"column":41}},"3":{"start":{"line":33,"column":8},"end":{"line":33,"column":104}},"4":{"start":{"line":36,"column":8},"end":{"line":36,"column":56}},"5":{"start":{"line":37,"column":8},"end":{"line":37,"column":74}},"6":{"start":{"line":41,"column":8},"end":{"line":41,"column":85}},"7":{"start":{"line":45,"column":8},"end":{"line":45,"column":50}},"8":{"start":{"line":46,"column":8},"end":{"line":46,"column":83}},"9":{"start":{"line":58,"column":8},"end":{"line":58,"column":50}}},"branchMap":{"1":{"line":32,"type":"if","locations":[{"start":{"line":32,"column":92},"end":{"line":32,"column":92}},{"start":{"line":32,"column":92},"end":{"line":32,"column":92}}]},"2":{"line":44,"type":"if","locations":[{"start":{"line":44,"column":78},"end":{"line":44,"column":78}},{"start":{"line":44,"column":78},"end":{"line":44,"column":78}}]},"3":{"line":49,"type":"if","locations":[{"start":{"line":49,"column":74},"end":{"line":49,"column":74}},{"start":{"line":49,"column":74},"end":{"line":49,"column":74}}]},"4":{"line":53,"type":"if","locations":[{"start":{"line":53,"column":75},"end":{"line":53,"column":75}},{"start":{"line":53,"column":75},"end":{"line":53,"column":75}}]}}},"contracts/test/MaliciousMinter.sol":{"l":{"15":3,"19":0,"23":1,"27":1,"29":1,"31":0,"35":0,"39":0},"path":"/workspaces/Blockchain/contracts/contracts/test/MaliciousMinter.sol","s":{"1":1,"2":1,"3":1,"4":0,"5":0,"6":0},"b":{"1":[1,0]},"f":{"1":3,"2":0,"3":1,"4":1,"5":0,"6":0},"fnMap":{"1":{"name":"constructor","line":14,"loc":{"start":{"line":14,"column":4},"end":{"line":16,"column":4}}},"2":{"name":"setReenter","line":18,"loc":{"start":{"line":18,"column":4},"end":{"line":20,"column":4}}},"3":{"name":"mintAndReenter","line":22,"loc":{"start":{"line":22,"column":4},"end":{"line":24,"column":4}}},"4":{"name":"onERC1155Received","line":26,"loc":{"start":{"line":26,"column":4},"end":{"line":32,"column":4}}},"5":{"name":"onERC1155BatchReceived","line":34,"loc":{"start":{"line":34,"column":4},"end":{"line":36,"column":4}}},"6":{"name":"supportsInterface","line":38,"loc":{"start":{"line":38,"column":4},"end":{"line":40,"column":4}}}},"statementMap":{"1":{"start":{"line":23,"column":8},"end":{"line":23,"column":125}},"2":{"start":{"line":27,"column":8},"end":{"line":27,"column":1087}},"3":{"start":{"line":29,"column":12},"end":{"line":29,"column":67}},"4":{"start":{"line":31,"column":8},"end":{"line":31,"column":46}},"5":{"start":{"line":35,"column":8},"end":{"line":35,"column":51}},"6":{"start":{"line":39,"column":8},"end":{"line":39,"column":19}}},"branchMap":{"1":{"line":27,"type":"if","locations":[{"start":{"line":27,"column":8},"end":{"line":27,"column":8}},{"start":{"line":27,"column":8},"end":{"line":27,"column":8}}]}}},"contracts/test/MaliciousReceiver.sol":{"l":{"18":0,"22":0,"26":0,"31":0,"34":0,"36":0,"40":0,"44":0,"49":0,"50":0,"51":0},"path":"/workspaces/Blockchain/contracts/contracts/test/MaliciousReceiver.sol","s":{"1":0,"2":0,"3":0,"4":0,"5":0,"6":0},"b":{"1":[0,0]},"f":{"1":0,"2":0,"3":0,"4":0,"5":0,"6":0,"7":0},"fnMap":{"1":{"name":"constructor","line":17,"loc":{"start":{"line":17,"column":4},"end":{"line":19,"column":4}}},"2":{"name":"setReenter","line":21,"loc":{"start":{"line":21,"column":4},"end":{"line":23,"column":4}}},"3":{"name":"callAcknowledge","line":25,"loc":{"start":{"line":25,"column":4},"end":{"line":27,"column":4}}},"4":{"name":"onERC1155Received","line":29,"loc":{"start":{"line":29,"column":4},"end":{"line":37,"column":4}}},"5":{"name":"onERC1155BatchReceived","line":39,"loc":{"start":{"line":39,"column":4},"end":{"line":41,"column":4}}},"6":{"name":"supportsInterface","line":43,"loc":{"start":{"line":43,"column":4},"end":{"line":45,"column":4}}},"7":{"name":"setCallParams","line":48,"loc":{"start":{"line":48,"column":4},"end":{"line":52,"column":4}}}},"statementMap":{"1":{"start":{"line":26,"column":8},"end":{"line":26,"column":79}},"2":{"start":{"line":31,"column":8},"end":{"line":31,"column":1028}},"3":{"start":{"line":34,"column":12},"end":{"line":34,"column":87}},"4":{"start":{"line":36,"column":8},"end":{"line":36,"column":46}},"5":{"start":{"line":40,"column":8},"end":{"line":40,"column":51}},"6":{"start":{"line":44,"column":8},"end":{"line":44,"column":19}}},"branchMap":{"1":{"line":31,"type":"if","locations":[{"start":{"line":31,"column":8},"end":{"line":31,"column":8}},{"start":{"line":31,"column":8},"end":{"line":31,"column":8}}]}}},"contracts/Token.sol":{"l":{"84":6,"96":2,"97":2,"98":2,"100":2,"101":2,"103":2,"105":2,"120":2,"121":2,"122":2,"126":2,"129":1,"130":1,"131":1,"142":1,"143":1,"144":1,"145":1,"146":1,"148":1,"149":1,"150":1,"152":1,"154":1,"167":1,"168":1,"172":1,"173":1,"174":1,"175":1,"176":1,"179":1,"180":1,"181":1,"184":1,"187":1,"190":1,"191":1,"193":1,"194":1,"195":1,"198":1,"201":1,"204":1,"205":1,"206":1,"210":1,"211":1,"212":1,"213":1,"215":1,"216":1,"218":1,"219":0,"222":1,"226":0,"227":0,"228":0,"229":0,"233":0,"234":0,"235":0,"236":0,"240":5,"242":5,"243":2,"244":2,"250":0},"path":"/workspaces/Blockchain/contracts/contracts/Token.sol","s":{"1":6,"2":2,"3":2,"4":2,"5":2,"6":2,"7":2,"8":2,"9":1,"10":1,"11":1,"12":1,"13":1,"14":1,"15":1,"16":1,"17":1,"18":1,"19":1,"20":1,"21":1,"22":1,"23":1,"24":1,"25":1,"26":1,"27":1,"28":1,"29":1,"30":1,"31":1,"32":1,"33":1,"34":1,"35":1,"36":1,"37":1,"38":1,"39":1,"40":1,"41":1,"42":1,"43":1,"44":1,"45":0,"46":0,"47":0,"48":0,"49":0,"50":0,"51":5,"52":5,"53":2,"54":2,"55":0},"b":{"1":[3,0],"2":[2,1],"3":[2,0],"4":[0,2],"5":[0,2],"6":[2,0],"7":[1,0],"8":[0,1],"9":[0,1],"10":[0,1],"11":[0,1],"12":[0,1],"13":[1,0],"14":[0,1],"15":[0,1],"16":[0,1],"17":[0,1],"18":[0,1],"19":[0,1],"20":[1,0],"21":[1,1],"22":[1,0],"23":[0,1],"24":[0,1],"25":[0,1],"26":[0,1],"27":[0,0],"28":[0,0],"29":[0,0],"30":[0,0],"31":[2,3],"32":[0,2]},"f":{"1":6,"2":2,"3":1,"4":1,"5":1,"6":0,"7":0,"8":5,"9":0},"fnMap":{"1":{"name":"constructor","line":83,"loc":{"start":{"line":83,"column":4},"end":{"line":85,"column":4}}},"2":{"name":"mintBatch","line":95,"loc":{"start":{"line":87,"column":4},"end":{"line":132,"column":4}}},"3":{"name":"proposeDrugTransfer","line":141,"loc":{"start":{"line":134,"column":4},"end":{"line":169,"column":4}}},"4":{"name":"acknowledgeDrugTransfer","line":171,"loc":{"start":{"line":171,"column":4},"end":{"line":207,"column":4}}},"5":{"name":"consumeMedicine","line":209,"loc":{"start":{"line":209,"column":4},"end":{"line":223,"column":4}}},"6":{"name":"flagBatchCompromised","line":225,"loc":{"start":{"line":225,"column":4},"end":{"line":230,"column":4}}},"7":{"name":"recallBatch","line":232,"loc":{"start":{"line":232,"column":4},"end":{"line":237,"column":4}}},"8":{"name":"_beforeTokenTransfer","line":239,"loc":{"start":{"line":239,"column":4},"end":{"line":247,"column":4}}},"9":{"name":"supportsInterface","line":249,"loc":{"start":{"line":249,"column":4},"end":{"line":251,"column":4}}}},"statementMap":{"1":{"start":{"line":84,"column":8},"end":{"line":84,"column":49}},"2":{"start":{"line":96,"column":8},"end":{"line":96,"column":57}},"3":{"start":{"line":97,"column":8},"end":{"line":97,"column":72}},"4":{"start":{"line":98,"column":8},"end":{"line":98,"column":83}},"5":{"start":{"line":101,"column":8},"end":{"line":101,"column":41}},"6":{"start":{"line":103,"column":8},"end":{"line":103,"column":139}},"7":{"start":{"line":120,"column":8},"end":{"line":120,"column":5105}},"8":{"start":{"line":126,"column":8},"end":{"line":126,"column":47}},"9":{"start":{"line":129,"column":8},"end":{"line":129,"column":45}},"10":{"start":{"line":130,"column":8},"end":{"line":130,"column":117}},"11":{"start":{"line":131,"column":8},"end":{"line":131,"column":22}},"12":{"start":{"line":142,"column":8},"end":{"line":142,"column":54}},"13":{"start":{"line":143,"column":8},"end":{"line":143,"column":71}},"14":{"start":{"line":144,"column":8},"end":{"line":144,"column":83}},"15":{"start":{"line":145,"column":8},"end":{"line":145,"column":55}},"16":{"start":{"line":146,"column":8},"end":{"line":146,"column":58}},"17":{"start":{"line":148,"column":8},"end":{"line":148,"column":109}},"18":{"start":{"line":149,"column":8},"end":{"line":149,"column":86}},"19":{"start":{"line":150,"column":8},"end":{"line":150,"column":65}},"20":{"start":{"line":152,"column":8},"end":{"line":152,"column":108}},"21":{"start":{"line":167,"column":8},"end":{"line":167,"column":105}},"22":{"start":{"line":168,"column":8},"end":{"line":168,"column":25}},"23":{"start":{"line":172,"column":8},"end":{"line":172,"column":71}},"24":{"start":{"line":173,"column":8},"end":{"line":173,"column":61}},"25":{"start":{"line":174,"column":8},"end":{"line":174,"column":53}},"26":{"start":{"line":175,"column":8},"end":{"line":175,"column":63}},"27":{"start":{"line":176,"column":8},"end":{"line":176,"column":83}},"28":{"start":{"line":179,"column":8},"end":{"line":179,"column":142}},"29":{"start":{"line":180,"column":8},"end":{"line":180,"column":88}},"30":{"start":{"line":181,"column":8},"end":{"line":181,"column":67}},"31":{"start":{"line":187,"column":8},"end":{"line":187,"column":114}},"32":{"start":{"line":190,"column":8},"end":{"line":190,"column":63}},"33":{"start":{"line":193,"column":8},"end":{"line":193,"column":8431}},"34":{"start":{"line":201,"column":8},"end":{"line":201,"column":93}},"35":{"start":{"line":204,"column":8},"end":{"line":204,"column":55}},"36":{"start":{"line":205,"column":8},"end":{"line":205,"column":86}},"37":{"start":{"line":206,"column":8},"end":{"line":206,"column":124}},"38":{"start":{"line":210,"column":8},"end":{"line":210,"column":54}},"39":{"start":{"line":211,"column":8},"end":{"line":211,"column":74}},"40":{"start":{"line":212,"column":8},"end":{"line":212,"column":83}},"41":{"start":{"line":213,"column":8},"end":{"line":213,"column":58}},"42":{"start":{"line":216,"column":8},"end":{"line":216,"column":43}},"43":{"start":{"line":218,"column":8},"end":{"line":218,"column":9663}},"44":{"start":{"line":222,"column":8},"end":{"line":222,"column":102}},"45":{"start":{"line":226,"column":8},"end":{"line":226,"column":54}},"46":{"start":{"line":227,"column":8},"end":{"line":227,"column":71}},"47":{"start":{"line":229,"column":8},"end":{"line":229,"column":87}},"48":{"start":{"line":233,"column":8},"end":{"line":233,"column":54}},"49":{"start":{"line":234,"column":8},"end":{"line":234,"column":117}},"50":{"start":{"line":236,"column":8},"end":{"line":236,"column":52}},"51":{"start":{"line":240,"column":8},"end":{"line":240,"column":73}},"52":{"start":{"line":242,"column":8},"end":{"line":242,"column":10879}},"53":{"start":{"line":243,"column":12},"end":{"line":243,"column":10941}},"54":{"start":{"line":244,"column":16},"end":{"line":244,"column":89}},"55":{"start":{"line":250,"column":8},"end":{"line":250,"column":51}}},"branchMap":{"1":{"line":95,"type":"if","locations":[{"start":{"line":95,"column":15},"end":{"line":95,"column":15}},{"start":{"line":95,"column":15},"end":{"line":95,"column":15}}]},"2":{"line":95,"type":"if","locations":[{"start":{"line":95,"column":43},"end":{"line":95,"column":43}},{"start":{"line":95,"column":43},"end":{"line":95,"column":43}}]},"3":{"line":96,"type":"if","locations":[{"start":{"line":96,"column":8},"end":{"line":96,"column":8}},{"start":{"line":96,"column":8},"end":{"line":96,"column":8}}]},"4":{"line":97,"type":"if","locations":[{"start":{"line":97,"column":8},"end":{"line":97,"column":8}},{"start":{"line":97,"column":8},"end":{"line":97,"column":8}}]},"5":{"line":98,"type":"if","locations":[{"start":{"line":98,"column":8},"end":{"line":98,"column":8}},{"start":{"line":98,"column":8},"end":{"line":98,"column":8}}]},"6":{"line":120,"type":"if","locations":[{"start":{"line":120,"column":8},"end":{"line":120,"column":8}},{"start":{"line":120,"column":8},"end":{"line":120,"column":8}}]},"7":{"line":141,"type":"if","locations":[{"start":{"line":141,"column":15},"end":{"line":141,"column":15}},{"start":{"line":141,"column":15},"end":{"line":141,"column":15}}]},"8":{"line":143,"type":"if","locations":[{"start":{"line":143,"column":8},"end":{"line":143,"column":8}},{"start":{"line":143,"column":8},"end":{"line":143,"column":8}}]},"9":{"line":144,"type":"if","locations":[{"start":{"line":144,"column":8},"end":{"line":144,"column":8}},{"start":{"line":144,"column":8},"end":{"line":144,"column":8}}]},"10":{"line":145,"type":"if","locations":[{"start":{"line":145,"column":8},"end":{"line":145,"column":8}},{"start":{"line":145,"column":8},"end":{"line":145,"column":8}}]},"11":{"line":146,"type":"if","locations":[{"start":{"line":146,"column":8},"end":{"line":146,"column":8}},{"start":{"line":146,"column":8},"end":{"line":146,"column":8}}]},"12":{"line":150,"type":"if","locations":[{"start":{"line":150,"column":8},"end":{"line":150,"column":8}},{"start":{"line":150,"column":8},"end":{"line":150,"column":8}}]},"13":{"line":171,"type":"if","locations":[{"start":{"line":171,"column":120},"end":{"line":171,"column":120}},{"start":{"line":171,"column":120},"end":{"line":171,"column":120}}]},"14":{"line":173,"type":"if","locations":[{"start":{"line":173,"column":8},"end":{"line":173,"column":8}},{"start":{"line":173,"column":8},"end":{"line":173,"column":8}}]},"15":{"line":174,"type":"if","locations":[{"start":{"line":174,"column":8},"end":{"line":174,"column":8}},{"start":{"line":174,"column":8},"end":{"line":174,"column":8}}]},"16":{"line":175,"type":"if","locations":[{"start":{"line":175,"column":8},"end":{"line":175,"column":8}},{"start":{"line":175,"column":8},"end":{"line":175,"column":8}}]},"17":{"line":176,"type":"if","locations":[{"start":{"line":176,"column":8},"end":{"line":176,"column":8}},{"start":{"line":176,"column":8},"end":{"line":176,"column":8}}]},"18":{"line":181,"type":"if","locations":[{"start":{"line":181,"column":8},"end":{"line":181,"column":8}},{"start":{"line":181,"column":8},"end":{"line":181,"column":8}}]},"19":{"line":187,"type":"if","locations":[{"start":{"line":187,"column":8},"end":{"line":187,"column":8}},{"start":{"line":187,"column":8},"end":{"line":187,"column":8}}]},"20":{"line":193,"type":"if","locations":[{"start":{"line":193,"column":8},"end":{"line":193,"column":8}},{"start":{"line":193,"column":8},"end":{"line":193,"column":8}}]},"21":{"line":209,"type":"if","locations":[{"start":{"line":209,"column":118},"end":{"line":209,"column":118}},{"start":{"line":209,"column":118},"end":{"line":209,"column":118}}]},"22":{"line":209,"type":"if","locations":[{"start":{"line":209,"column":142},"end":{"line":209,"column":142}},{"start":{"line":209,"column":142},"end":{"line":209,"column":142}}]},"23":{"line":211,"type":"if","locations":[{"start":{"line":211,"column":8},"end":{"line":211,"column":8}},{"start":{"line":211,"column":8},"end":{"line":211,"column":8}}]},"24":{"line":212,"type":"if","locations":[{"start":{"line":212,"column":8},"end":{"line":212,"column":8}},{"start":{"line":212,"column":8},"end":{"line":212,"column":8}}]},"25":{"line":213,"type":"if","locations":[{"start":{"line":213,"column":8},"end":{"line":213,"column":8}},{"start":{"line":213,"column":8},"end":{"line":213,"column":8}}]},"26":{"line":218,"type":"if","locations":[{"start":{"line":218,"column":8},"end":{"line":218,"column":8}},{"start":{"line":218,"column":8},"end":{"line":218,"column":8}}]},"27":{"line":225,"type":"if","locations":[{"start":{"line":225,"column":104},"end":{"line":225,"column":104}},{"start":{"line":225,"column":104},"end":{"line":225,"column":104}}]},"28":{"line":227,"type":"if","locations":[{"start":{"line":227,"column":8},"end":{"line":227,"column":8}},{"start":{"line":227,"column":8},"end":{"line":227,"column":8}}]},"29":{"line":232,"type":"if","locations":[{"start":{"line":232,"column":51},"end":{"line":232,"column":51}},{"start":{"line":232,"column":51},"end":{"line":232,"column":51}}]},"30":{"line":234,"type":"if","locations":[{"start":{"line":234,"column":8},"end":{"line":234,"column":8}},{"start":{"line":234,"column":8},"end":{"line":234,"column":8}}]},"31":{"line":242,"type":"if","locations":[{"start":{"line":242,"column":8},"end":{"line":242,"column":8}},{"start":{"line":242,"column":8},"end":{"line":242,"column":8}}]},"32":{"line":244,"type":"if","locations":[{"start":{"line":244,"column":16},"end":{"line":244,"column":16}},{"start":{"line":244,"column":16},"end":{"line":244,"column":16}}]}}},"contracts/Tracking.sol":{"l":{"47":3,"57":1,"58":1,"59":1,"61":1,"62":1,"63":1,"64":1,"65":1,"66":1,"67":1,"68":1,"69":1,"71":1,"75":2,"76":2,"87":1,"88":1,"89":1,"91":1,"92":1,"93":1,"94":1,"96":1,"98":1,"109":1,"111":1,"115":0,"119":1},"path":"/workspaces/Blockchain/contracts/contracts/Tracking.sol","s":{"1":3,"2":1,"3":1,"4":1,"5":1,"6":1,"7":2,"8":2,"9":1,"10":1,"11":1,"12":1,"13":1,"14":1,"15":1,"16":1,"17":1,"18":1,"19":1,"20":0,"21":1},"b":{"1":[1,0],"2":[1,0],"3":[1,0],"4":[1,0],"5":[1,0],"6":[1,0],"7":[1,0],"8":[1,0],"9":[1,0],"10":[1,0],"11":[0,1]},"f":{"1":3,"2":1,"3":2,"4":1,"5":0,"6":1},"fnMap":{"1":{"name":"constructor","line":46,"loc":{"start":{"line":46,"column":4},"end":{"line":48,"column":4}}},"2":{"name":"registerAndVerifySignerIdentity","line":56,"loc":{"start":{"line":50,"column":4},"end":{"line":72,"column":4}}},"3":{"name":"isSignerAuthorized","line":74,"loc":{"start":{"line":74,"column":4},"end":{"line":77,"column":4}}},"4":{"name":"createSignature","line":86,"loc":{"start":{"line":79,"column":4},"end":{"line":112,"column":4}}},"5":{"name":"getSignerIdentity","line":114,"loc":{"start":{"line":114,"column":4},"end":{"line":116,"column":4}}},"6":{"name":"getDocumentSignatures","line":118,"loc":{"start":{"line":118,"column":4},"end":{"line":120,"column":4}}}},"statementMap":{"1":{"start":{"line":47,"column":8},"end":{"line":47,"column":49}},"2":{"start":{"line":57,"column":8},"end":{"line":57,"column":62}},"3":{"start":{"line":58,"column":8},"end":{"line":58,"column":77}},"4":{"start":{"line":59,"column":8},"end":{"line":59,"column":64}},"5":{"start":{"line":61,"column":8},"end":{"line":61,"column":73}},"6":{"start":{"line":71,"column":8},"end":{"line":71,"column":99}},"7":{"start":{"line":75,"column":8},"end":{"line":75,"column":65}},"8":{"start":{"line":76,"column":8},"end":{"line":76,"column":78}},"9":{"start":{"line":87,"column":8},"end":{"line":87,"column":71}},"10":{"start":{"line":88,"column":8},"end":{"line":88,"column":74}},"11":{"start":{"line":89,"column":8},"end":{"line":89,"column":58}},"12":{"start":{"line":91,"column":8},"end":{"line":91,"column":103}},"13":{"start":{"line":92,"column":8},"end":{"line":92,"column":75}},"14":{"start":{"line":93,"column":8},"end":{"line":93,"column":73}},"15":{"start":{"line":94,"column":8},"end":{"line":94,"column":78}},"16":{"start":{"line":96,"column":8},"end":{"line":96,"column":88}},"17":{"start":{"line":98,"column":8},"end":{"line":98,"column":3964}},"18":{"start":{"line":109,"column":8},"end":{"line":109,"column":47}},"19":{"start":{"line":111,"column":8},"end":{"line":111,"column":97}},"20":{"start":{"line":115,"column":8},"end":{"line":115,"column":39}},"21":{"start":{"line":119,"column":8},"end":{"line":119,"column":45}}},"branchMap":{"1":{"line":56,"type":"if","locations":[{"start":{"line":56,"column":15},"end":{"line":56,"column":15}},{"start":{"line":56,"column":15},"end":{"line":56,"column":15}}]},"2":{"line":56,"type":"if","locations":[{"start":{"line":56,"column":38},"end":{"line":56,"column":38}},{"start":{"line":56,"column":38},"end":{"line":56,"column":38}}]},"3":{"line":57,"type":"if","locations":[{"start":{"line":57,"column":8},"end":{"line":57,"column":8}},{"start":{"line":57,"column":8},"end":{"line":57,"column":8}}]},"4":{"line":58,"type":"if","locations":[{"start":{"line":58,"column":8},"end":{"line":58,"column":8}},{"start":{"line":58,"column":8},"end":{"line":58,"column":8}}]},"5":{"line":59,"type":"if","locations":[{"start":{"line":59,"column":8},"end":{"line":59,"column":8}},{"start":{"line":59,"column":8},"end":{"line":59,"column":8}}]},"6":{"line":86,"type":"if","locations":[{"start":{"line":86,"column":15},"end":{"line":86,"column":15}},{"start":{"line":86,"column":15},"end":{"line":86,"column":15}}]},"7":{"line":87,"type":"if","locations":[{"start":{"line":87,"column":8},"end":{"line":87,"column":8}},{"start":{"line":87,"column":8},"end":{"line":87,"column":8}}]},"8":{"line":88,"type":"if","locations":[{"start":{"line":88,"column":8},"end":{"line":88,"column":8}},{"start":{"line":88,"column":8},"end":{"line":88,"column":8}}]},"9":{"line":89,"type":"if","locations":[{"start":{"line":89,"column":8},"end":{"line":89,"column":8}},{"start":{"line":89,"column":8},"end":{"line":89,"column":8}}]},"10":{"line":94,"type":"if","locations":[{"start":{"line":94,"column":8},"end":{"line":94,"column":8}},{"start":{"line":94,"column":8},"end":{"line":94,"column":8}}]},"11":{"line":96,"type":"if","locations":[{"start":{"line":96,"column":45},"end":{"line":96,"column":83}},{"start":{"line":96,"column":87},"end":{"line":96,"column":87}}]}}}}